<?xml version="1.0" ?>
<testsuite name="tests.util.test_keplerSTM.TestKeplerSTM-20240620170255" tests="6" time="0.020" failures="0" errors="0">
	<testcase classname="tests.util.test_keplerSTM.TestKeplerSTM" name="test_keplerSTM_indpropC" time="0.000"/>
	<testcase classname="tests.util.test_keplerSTM.TestKeplerSTM" name="test_keplerSTM_indproppy" time="0.005"/>
	<testcase classname="tests.util.test_keplerSTM.TestKeplerSTM" name="test_keplerSTM_init" time="0.002"/>
	<testcase classname="tests.util.test_keplerSTM.TestKeplerSTM" name="test_keplerSTM_propC" time="0.006"/>
	<testcase classname="tests.util.test_keplerSTM.TestKeplerSTM" name="test_keplerSTM_prop_vallado" time="0.003"/>
	<testcase classname="tests.util.test_keplerSTM.TestKeplerSTM" name="test_keplerSTM_proppy" time="0.004"/>
	<system-out><![CDATA[]]></system-out>
	<system-err><![CDATA[]]></system-err>
</testsuite>
