<?xml version="1.0" ?>
<testsuite name="tests.util.test_keplerSTM.TestKeplerSTM-20240620165301" tests="6" time="0.026" failures="0" errors="0">
	<testcase classname="tests.util.test_keplerSTM.TestKeplerSTM" name="test_keplerSTM_indpropC" time="0.000"/>
	<testcase classname="tests.util.test_keplerSTM.TestKeplerSTM" name="test_keplerSTM_indproppy" time="0.009"/>
	<testcase classname="tests.util.test_keplerSTM.TestKeplerSTM" name="test_keplerSTM_init" time="0.004"/>
	<testcase classname="tests.util.test_keplerSTM.TestKeplerSTM" name="test_keplerSTM_propC" time="0.001"/>
	<testcase classname="tests.util.test_keplerSTM.TestKeplerSTM" name="test_keplerSTM_prop_vallado" time="0.005"/>
	<testcase classname="tests.util.test_keplerSTM.TestKeplerSTM" name="test_keplerSTM_proppy" time="0.007"/>
	<system-out><![CDATA[{'sys': <module 'sys' (built-in)>, 'builtins': <module 'builtins' (built-in)>, '_frozen_importlib': <module 'importlib._bootstrap' (frozen)>, '_imp': <module '_imp' (built-in)>, '_thread': <module '_thread' (built-in)>, '_warnings': <module '_warnings' (built-in)>, '_weakref': <module '_weakref' (built-in)>, '_io': <module 'io' (built-in)>, 'marshal': <module 'marshal' (built-in)>, 'posix': <module 'posix' (built-in)>, '_frozen_importlib_external': <module 'importlib._bootstrap_external' (frozen)>, 'time': <module 'time' (built-in)>, 'zipimport': <module 'zipimport' (frozen)>, '_codecs': <module '_codecs' (built-in)>, 'codecs': <module 'codecs' from '/Library/Developer/CommandLineTools/Library/Frameworks/Python3.framework/Versions/3.9/lib/python3.9/codecs.py'>, 'encodings.aliases': <module 'encodings.aliases' from '/Library/Developer/CommandLineTools/Library/Frameworks/Python3.framework/Versions/3.9/lib/python3.9/encodings/aliases.py'>, 'encodings.cp437': <module 'encodings.cp437' from '/Library/Developer/CommandLineTools/Library/Frameworks/Python3.framework/Versions/3.9/lib/python3.9/encodings/cp437.py'>, 'encodings': <module 'encodings' from '/Library/Developer/CommandLineTools/Library/Frameworks/Python3.framework/Versions/3.9/lib/python3.9/encodings/__init__.py'>, 'encodings.utf_8': <module 'encodings.utf_8' from '/Library/Developer/CommandLineTools/Library/Frameworks/Python3.framework/Versions/3.9/lib/python3.9/encodings/utf_8.py'>, '_signal': <module '_signal' (built-in)>, 'encodings.latin_1': <module 'encodings.latin_1' from '/Library/Developer/CommandLineTools/Library/Frameworks/Python3.framework/Versions/3.9/lib/python3.9/encodings/latin_1.py'>, '_abc': <module '_abc' (built-in)>, 'abc': <module 'abc' from '/Library/Developer/CommandLineTools/Library/Frameworks/Python3.framework/Versions/3.9/lib/python3.9/abc.py'>, 'io': <module 'io' from '/Library/Developer/CommandLineTools/Library/Frameworks/Python3.framework/Versions/3.9/lib/python3.9/io.py'>, '__main__': <module '__main__' from '/Users/maxzweig/research/EXOSIMS/runtests.py'>, '_stat': <module '_stat' (built-in)>, 'stat': <module 'stat' from '/Library/Developer/CommandLineTools/Library/Frameworks/Python3.framework/Versions/3.9/lib/python3.9/stat.py'>, '_collections_abc': <module '_collections_abc' from '/Library/Developer/CommandLineTools/Library/Frameworks/Python3.framework/Versions/3.9/lib/python3.9/_collections_abc.py'>, 'genericpath': <module 'genericpath' from '/Library/Developer/CommandLineTools/Library/Frameworks/Python3.framework/Versions/3.9/lib/python3.9/genericpath.py'>, 'posixpath': <module 'posixpath' from '/Library/Developer/CommandLineTools/Library/Frameworks/Python3.framework/Versions/3.9/lib/python3.9/posixpath.py'>, 'os.path': <module 'posixpath' from '/Library/Developer/CommandLineTools/Library/Frameworks/Python3.framework/Versions/3.9/lib/python3.9/posixpath.py'>, 'os': <module 'os' from '/Library/Developer/CommandLineTools/Library/Frameworks/Python3.framework/Versions/3.9/lib/python3.9/os.py'>, '_sitebuiltins': <module '_sitebuiltins' from '/Library/Developer/CommandLineTools/Library/Frameworks/Python3.framework/Versions/3.9/lib/python3.9/_sitebuiltins.py'>, '_locale': <module '_locale' (built-in)>, '_bootlocale': <module '_bootlocale' from '/Library/Developer/CommandLineTools/Library/Frameworks/Python3.framework/Versions/3.9/lib/python3.9/_bootlocale.py'>, 'site': <module 'site' from '/Library/Developer/CommandLineTools/Library/Frameworks/Python3.framework/Versions/3.9/lib/python3.9/site.py'>, '_heapq': <module '_heapq' from '/Library/Developer/CommandLineTools/Library/Frameworks/Python3.framework/Versions/3.9/lib/python3.9/lib-dynload/_heapq.cpython-39-darwin.so'>, 'heapq': <module 'heapq' from '/Library/Developer/CommandLineTools/Library/Frameworks/Python3.framework/Versions/3.9/lib/python3.9/heapq.py'>, 'itertools': <module 'itertools' (built-in)>, 'keyword': <module 'keyword' from '/Library/Developer/CommandLineTools/Library/Frameworks/Python3.framework/Versions/3.9/lib/python3.9/keyword.py'>, '_operator': <module '_operator' (built-in)>, 'operator': <module 'operator' from '/Library/Developer/CommandLineTools/Library/Frameworks/Python3.framework/Versions/3.9/lib/python3.9/operator.py'>, 'reprlib': <module 'reprlib' from '/Library/Developer/CommandLineTools/Library/Frameworks/Python3.framework/Versions/3.9/lib/python3.9/reprlib.py'>, '_collections': <module '_collections' (built-in)>, 'collections': <module 'collections' from '/Library/Developer/CommandLineTools/Library/Frameworks/Python3.framework/Versions/3.9/lib/python3.9/collections/__init__.py'>, 'types': <module 'types' from '/Library/Developer/CommandLineTools/Library/Frameworks/Python3.framework/Versions/3.9/lib/python3.9/types.py'>, '_functools': <module '_functools' (built-in)>, 'functools': <module 'functools' from '/Library/Developer/CommandLineTools/Library/Frameworks/Python3.framework/Versions/3.9/lib/python3.9/functools.py'>, 'enum': <module 'enum' from '/Library/Developer/CommandLineTools/Library/Frameworks/Python3.framework/Versions/3.9/lib/python3.9/enum.py'>, '_sre': <module '_sre' (built-in)>, 'sre_constants': <module 'sre_constants' from '/Library/Developer/CommandLineTools/Library/Frameworks/Python3.framework/Versions/3.9/lib/python3.9/sre_constants.py'>, 'sre_parse': <module 'sre_parse' from '/Library/Developer/CommandLineTools/Library/Frameworks/Python3.framework/Versions/3.9/lib/python3.9/sre_parse.py'>, 'sre_compile': <module 'sre_compile' from '/Library/Developer/CommandLineTools/Library/Frameworks/Python3.framework/Versions/3.9/lib/python3.9/sre_compile.py'>, 'copyreg': <module 'copyreg' from '/Library/Developer/CommandLineTools/Library/Frameworks/Python3.framework/Versions/3.9/lib/python3.9/copyreg.py'>, 're': <module 're' from '/Library/Developer/CommandLineTools/Library/Frameworks/Python3.framework/Versions/3.9/lib/python3.9/re.py'>, 'token': <module 'token' from '/Library/Developer/CommandLineTools/Library/Frameworks/Python3.framework/Versions/3.9/lib/python3.9/token.py'>, 'tokenize': <module 'tokenize' from '/Library/Developer/CommandLineTools/Library/Frameworks/Python3.framework/Versions/3.9/lib/python3.9/tokenize.py'>, 'linecache': <module 'linecache' from '/Library/Developer/CommandLineTools/Library/Frameworks/Python3.framework/Versions/3.9/lib/python3.9/linecache.py'>, 'traceback': <module 'traceback' from '/Library/Developer/CommandLineTools/Library/Frameworks/Python3.framework/Versions/3.9/lib/python3.9/traceback.py'>, 'unittest.util': <module 'unittest.util' from '/Library/Developer/CommandLineTools/Library/Frameworks/Python3.framework/Versions/3.9/lib/python3.9/unittest/util.py'>, 'unittest.result': <module 'unittest.result' from '/Library/Developer/CommandLineTools/Library/Frameworks/Python3.framework/Versions/3.9/lib/python3.9/unittest/result.py'>, 'difflib': <module 'difflib' from '/Library/Developer/CommandLineTools/Library/Frameworks/Python3.framework/Versions/3.9/lib/python3.9/difflib.py'>, 'pprint': <module 'pprint' from '/Library/Developer/CommandLineTools/Library/Frameworks/Python3.framework/Versions/3.9/lib/python3.9/pprint.py'>, 'warnings': <module 'warnings' from '/Library/Developer/CommandLineTools/Library/Frameworks/Python3.framework/Versions/3.9/lib/python3.9/warnings.py'>, 'contextlib': <module 'contextlib' from '/Library/Developer/CommandLineTools/Library/Frameworks/Python3.framework/Versions/3.9/lib/python3.9/contextlib.py'>, 'unittest.case': <module 'unittest.case' from '/Library/Developer/CommandLineTools/Library/Frameworks/Python3.framework/Versions/3.9/lib/python3.9/unittest/case.py'>, 'unittest.suite': <module 'unittest.suite' from '/Library/Developer/CommandLineTools/Library/Frameworks/Python3.framework/Versions/3.9/lib/python3.9/unittest/suite.py'>, 'fnmatch': <module 'fnmatch' from '/Library/Developer/CommandLineTools/Library/Frameworks/Python3.framework/Versions/3.9/lib/python3.9/fnmatch.py'>, 'unittest.loader': <module 'unittest.loader' from '/Library/Developer/CommandLineTools/Library/Frameworks/Python3.framework/Versions/3.9/lib/python3.9/unittest/loader.py'>, 'gettext': <module 'gettext' from '/Library/Developer/CommandLineTools/Library/Frameworks/Python3.framework/Versions/3.9/lib/python3.9/gettext.py'>, 'argparse': <module 'argparse' from '/Library/Developer/CommandLineTools/Library/Frameworks/Python3.framework/Versions/3.9/lib/python3.9/argparse.py'>, 'signal': <module 'signal' from '/Library/Developer/CommandLineTools/Library/Frameworks/Python3.framework/Versions/3.9/lib/python3.9/signal.py'>, '_weakrefset': <module '_weakrefset' from '/Library/Developer/CommandLineTools/Library/Frameworks/Python3.framework/Versions/3.9/lib/python3.9/_weakrefset.py'>, 'weakref': <module 'weakref' from '/Library/Developer/CommandLineTools/Library/Frameworks/Python3.framework/Versions/3.9/lib/python3.9/weakref.py'>, 'unittest.signals': <module 'unittest.signals' from '/Library/Developer/CommandLineTools/Library/Frameworks/Python3.framework/Versions/3.9/lib/python3.9/unittest/signals.py'>, 'unittest.runner': <module 'unittest.runner' from '/Library/Developer/CommandLineTools/Library/Frameworks/Python3.framework/Versions/3.9/lib/python3.9/unittest/runner.py'>, 'unittest.main': <module 'unittest.main' from '/Library/Developer/CommandLineTools/Library/Frameworks/Python3.framework/Versions/3.9/lib/python3.9/unittest/main.py'>, 'unittest': <module 'unittest' from '/Library/Developer/CommandLineTools/Library/Frameworks/Python3.framework/Versions/3.9/lib/python3.9/unittest/__init__.py'>, 'xmlrunner.version': <module 'xmlrunner.version' from '/Users/maxzweig/.virtualenvs/lib/python3.9/site-packages/xmlrunner/version.py'>, 'xmlrunner.xmlrunner': <module 'xmlrunner.xmlrunner' from '/Users/maxzweig/.virtualenvs/lib/python3.9/site-packages/xmlrunner/xmlrunner.py'>, 'xmlrunner': <module 'xmlrunner' from '/Users/maxzweig/.virtualenvs/lib/python3.9/site-packages/xmlrunner/__init__.py'>, '__future__': <module '__future__' from '/Library/Developer/CommandLineTools/Library/Frameworks/Python3.framework/Versions/3.9/lib/python3.9/__future__.py'>, 'coverage.version': <module 'coverage.version' from '/Users/maxzweig/.virtualenvs/lib/python3.9/site-packages/coverage/version.py'>, 'atexit': <module 'atexit' (built-in)>, 'errno': <module 'errno' (built-in)>, 'threading': <module 'threading' from '/Library/Developer/CommandLineTools/Library/Frameworks/Python3.framework/Versions/3.9/lib/python3.9/threading.py'>, 'pwd': <module 'pwd' (built-in)>, 'grp': <module 'grp' from '/Library/Developer/CommandLineTools/Library/Frameworks/Python3.framework/Versions/3.9/lib/python3.9/lib-dynload/grp.cpython-39-darwin.so'>, '_posixsubprocess': <module '_posixsubprocess' from '/Library/Developer/CommandLineTools/Library/Frameworks/Python3.framework/Versions/3.9/lib/python3.9/lib-dynload/_posixsubprocess.cpython-39-darwin.so'>, 'select': <module 'select' from '/Library/Developer/CommandLineTools/Library/Frameworks/Python3.framework/Versions/3.9/lib/python3.9/lib-dynload/select.cpython-39-darwin.so'>, 'collections.abc': <module 'collections.abc' from '/Library/Developer/CommandLineTools/Library/Frameworks/Python3.framework/Versions/3.9/lib/python3.9/collections/abc.py'>, 'math': <module 'math' from '/Library/Developer/CommandLineTools/Library/Frameworks/Python3.framework/Versions/3.9/lib/python3.9/lib-dynload/math.cpython-39-darwin.so'>, 'selectors': <module 'selectors' from '/Library/Developer/CommandLineTools/Library/Frameworks/Python3.framework/Versions/3.9/lib/python3.9/selectors.py'>, 'subprocess': <module 'subprocess' from '/Library/Developer/CommandLineTools/Library/Frameworks/Python3.framework/Versions/3.9/lib/python3.9/subprocess.py'>, 'platform': <module 'platform' from '/Library/Developer/CommandLineTools/Library/Frameworks/Python3.framework/Versions/3.9/lib/python3.9/platform.py'>, 'typing.io': <class 'typing.io'>, 'typing.re': <class 'typing.re'>, 'typing': <module 'typing' from '/Library/Developer/CommandLineTools/Library/Frameworks/Python3.framework/Versions/3.9/lib/python3.9/typing.py'>, 'coverage.env': <module 'coverage.env' from '/Users/maxzweig/.virtualenvs/lib/python3.9/site-packages/coverage/env.py'>, '_hashlib': <module '_hashlib' from '/Library/Developer/CommandLineTools/Library/Frameworks/Python3.framework/Versions/3.9/lib/python3.9/lib-dynload/_hashlib.cpython-39-darwin.so'>, '_blake2': <module '_blake2' from '/Library/Developer/CommandLineTools/Library/Frameworks/Python3.framework/Versions/3.9/lib/python3.9/lib-dynload/_blake2.cpython-39-darwin.so'>, '_sha3': <module '_sha3' from '/Library/Developer/CommandLineTools/Library/Frameworks/Python3.framework/Versions/3.9/lib/python3.9/lib-dynload/_sha3.cpython-39-darwin.so'>, 'hashlib': <module 'hashlib' from '/Library/Developer/CommandLineTools/Library/Frameworks/Python3.framework/Versions/3.9/lib/python3.9/hashlib.py'>, 'ntpath': <module 'ntpath' from '/Library/Developer/CommandLineTools/Library/Frameworks/Python3.framework/Versions/3.9/lib/python3.9/ntpath.py'>, 'coverage.exceptions': <module 'coverage.exceptions' from '/Users/maxzweig/.virtualenvs/lib/python3.9/site-packages/coverage/exceptions.py'>, '_datetime': <module '_datetime' from '/Library/Developer/CommandLineTools/Library/Frameworks/Python3.framework/Versions/3.9/lib/python3.9/lib-dynload/_datetime.cpython-39-darwin.so'>, 'datetime': <module 'datetime' from '/Library/Developer/CommandLineTools/Library/Frameworks/Python3.framework/Versions/3.9/lib/python3.9/datetime.py'>, 'importlib._bootstrap': <module 'importlib._bootstrap' (frozen)>, 'importlib._bootstrap_external': <module 'importlib._bootstrap_external' (frozen)>, 'importlib': <module 'importlib' from '/Library/Developer/CommandLineTools/Library/Frameworks/Python3.framework/Versions/3.9/lib/python3.9/importlib/__init__.py'>, 'importlib.machinery': <module 'importlib.machinery' from '/Library/Developer/CommandLineTools/Library/Frameworks/Python3.framework/Versions/3.9/lib/python3.9/importlib/machinery.py'>, 'importlib.abc': <module 'importlib.abc' from '/Library/Developer/CommandLineTools/Library/Frameworks/Python3.framework/Versions/3.9/lib/python3.9/importlib/abc.py'>, 'importlib.util': <module 'importlib.util' from '/Library/Developer/CommandLineTools/Library/Frameworks/Python3.framework/Versions/3.9/lib/python3.9/importlib/util.py'>, '_ast': <module '_ast' (built-in)>, 'ast': <module 'ast' from '/Library/Developer/CommandLineTools/Library/Frameworks/Python3.framework/Versions/3.9/lib/python3.9/ast.py'>, '_opcode': <module '_opcode' from '/Library/Developer/CommandLineTools/Library/Frameworks/Python3.framework/Versions/3.9/lib/python3.9/lib-dynload/_opcode.cpython-39-darwin.so'>, 'opcode': <module 'opcode' from '/Library/Developer/CommandLineTools/Library/Frameworks/Python3.framework/Versions/3.9/lib/python3.9/opcode.py'>, 'dis': <module 'dis' from '/Library/Developer/CommandLineTools/Library/Frameworks/Python3.framework/Versions/3.9/lib/python3.9/dis.py'>, 'inspect': <module 'inspect' from '/Library/Developer/CommandLineTools/Library/Frameworks/Python3.framework/Versions/3.9/lib/python3.9/inspect.py'>, 'urllib': <module 'urllib' from '/Library/Developer/CommandLineTools/Library/Frameworks/Python3.framework/Versions/3.9/lib/python3.9/urllib/__init__.py'>, 'urllib.parse': <module 'urllib.parse' from '/Library/Developer/CommandLineTools/Library/Frameworks/Python3.framework/Versions/3.9/lib/python3.9/urllib/parse.py'>, 'pathlib': <module 'pathlib' from '/Library/Developer/CommandLineTools/Library/Frameworks/Python3.framework/Versions/3.9/lib/python3.9/pathlib.py'>, 'coverage.types': <module 'coverage.types' from '/Users/maxzweig/.virtualenvs/lib/python3.9/site-packages/coverage/types.py'>, 'coverage.misc': <module 'coverage.misc' from '/Users/maxzweig/.virtualenvs/lib/python3.9/site-packages/coverage/misc.py'>, 'coverage.files': <module 'coverage.files' from '/Users/maxzweig/.virtualenvs/lib/python3.9/site-packages/coverage/files.py'>, 'copy': <module 'copy' from '/Library/Developer/CommandLineTools/Library/Frameworks/Python3.framework/Versions/3.9/lib/python3.9/copy.py'>, 'dataclasses': <module 'dataclasses' from '/Library/Developer/CommandLineTools/Library/Frameworks/Python3.framework/Versions/3.9/lib/python3.9/dataclasses.py'>, 'coverage.plugin': <module 'coverage.plugin' from '/Users/maxzweig/.virtualenvs/lib/python3.9/site-packages/coverage/plugin.py'>, 'coverage.results': <module 'coverage.results' from '/Users/maxzweig/.virtualenvs/lib/python3.9/site-packages/coverage/results.py'>, 'coverage.report_core': <module 'coverage.report_core' from '/Users/maxzweig/.virtualenvs/lib/python3.9/site-packages/coverage/report_core.py'>, 'coverage.annotate': <module 'coverage.annotate' from '/Users/maxzweig/.virtualenvs/lib/python3.9/site-packages/coverage/annotate.py'>, 'configparser': <module 'configparser' from '/Library/Developer/CommandLineTools/Library/Frameworks/Python3.framework/Versions/3.9/lib/python3.9/configparser.py'>, 'coverage.tomlconfig': <module 'coverage.tomlconfig' from '/Users/maxzweig/.virtualenvs/lib/python3.9/site-packages/coverage/tomlconfig.py'>, 'coverage.config': <module 'coverage.config' from '/Users/maxzweig/.virtualenvs/lib/python3.9/site-packages/coverage/config.py'>, 'glob': <module 'glob' from '/Library/Developer/CommandLineTools/Library/Frameworks/Python3.framework/Versions/3.9/lib/python3.9/glob.py'>, '_bisect': <module '_bisect' from '/Library/Developer/CommandLineTools/Library/Frameworks/Python3.framework/Versions/3.9/lib/python3.9/lib-dynload/_bisect.cpython-39-darwin.so'>, 'bisect': <module 'bisect' from '/Library/Developer/CommandLineTools/Library/Frameworks/Python3.framework/Versions/3.9/lib/python3.9/bisect.py'>, '_random': <module '_random' from '/Library/Developer/CommandLineTools/Library/Frameworks/Python3.framework/Versions/3.9/lib/python3.9/lib-dynload/_random.cpython-39-darwin.so'>, '_sha512': <module '_sha512' from '/Library/Developer/CommandLineTools/Library/Frameworks/Python3.framework/Versions/3.9/lib/python3.9/lib-dynload/_sha512.cpython-39-darwin.so'>, 'random': <module 'random' from '/Library/Developer/CommandLineTools/Library/Frameworks/Python3.framework/Versions/3.9/lib/python3.9/random.py'>, '_socket': <module '_socket' from '/Library/Developer/CommandLineTools/Library/Frameworks/Python3.framework/Versions/3.9/lib/python3.9/lib-dynload/_socket.cpython-39-darwin.so'>, 'array': <module 'array' from '/Library/Developer/CommandLineTools/Library/Frameworks/Python3.framework/Versions/3.9/lib/python3.9/lib-dynload/array.cpython-39-darwin.so'>, 'socket': <module 'socket' from '/Library/Developer/CommandLineTools/Library/Frameworks/Python3.framework/Versions/3.9/lib/python3.9/socket.py'>, '_sqlite3': <module '_sqlite3' from '/Library/Developer/CommandLineTools/Library/Frameworks/Python3.framework/Versions/3.9/lib/python3.9/lib-dynload/_sqlite3.cpython-39-darwin.so'>, 'sqlite3.dbapi2': <module 'sqlite3.dbapi2' from '/Library/Developer/CommandLineTools/Library/Frameworks/Python3.framework/Versions/3.9/lib/python3.9/sqlite3/dbapi2.py'>, 'sqlite3': <module 'sqlite3' from '/Library/Developer/CommandLineTools/Library/Frameworks/Python3.framework/Versions/3.9/lib/python3.9/sqlite3/__init__.py'>, '_string': <module '_string' (built-in)>, 'string': <module 'string' from '/Library/Developer/CommandLineTools/Library/Frameworks/Python3.framework/Versions/3.9/lib/python3.9/string.py'>, 'textwrap': <module 'textwrap' from '/Library/Developer/CommandLineTools/Library/Frameworks/Python3.framework/Versions/3.9/lib/python3.9/textwrap.py'>, 'zlib': <module 'zlib' from '/Library/Developer/CommandLineTools/Library/Frameworks/Python3.framework/Versions/3.9/lib/python3.9/lib-dynload/zlib.cpython-39-darwin.so'>, 'coverage.debug': <module 'coverage.debug' from '/Users/maxzweig/.virtualenvs/lib/python3.9/site-packages/coverage/debug.py'>, '_json': <module '_json' from '/Library/Developer/CommandLineTools/Library/Frameworks/Python3.framework/Versions/3.9/lib/python3.9/lib-dynload/_json.cpython-39-darwin.so'>, 'json.scanner': <module 'json.scanner' from '/Library/Developer/CommandLineTools/Library/Frameworks/Python3.framework/Versions/3.9/lib/python3.9/json/scanner.py'>, 'json.decoder': <module 'json.decoder' from '/Library/Developer/CommandLineTools/Library/Frameworks/Python3.framework/Versions/3.9/lib/python3.9/json/decoder.py'>, 'json.encoder': <module 'json.encoder' from '/Library/Developer/CommandLineTools/Library/Frameworks/Python3.framework/Versions/3.9/lib/python3.9/json/encoder.py'>, 'json': <module 'json' from '/Library/Developer/CommandLineTools/Library/Frameworks/Python3.framework/Versions/3.9/lib/python3.9/json/__init__.py'>, 'coverage.numbits': <module 'coverage.numbits' from '/Users/maxzweig/.virtualenvs/lib/python3.9/site-packages/coverage/numbits.py'>, 'coverage.sqlitedb': <module 'coverage.sqlitedb' from '/Users/maxzweig/.virtualenvs/lib/python3.9/site-packages/coverage/sqlitedb.py'>, 'coverage.sqldata': <module 'coverage.sqldata' from '/Users/maxzweig/.virtualenvs/lib/python3.9/site-packages/coverage/sqldata.py'>, 'coverage.data': <module 'coverage.data' from '/Users/maxzweig/.virtualenvs/lib/python3.9/site-packages/coverage/data.py'>, 'coverage.disposition': <module 'coverage.disposition' from '/Users/maxzweig/.virtualenvs/lib/python3.9/site-packages/coverage/disposition.py'>, 'coverage.pytracer': <module 'coverage.pytracer' from '/Users/maxzweig/.virtualenvs/lib/python3.9/site-packages/coverage/pytracer.py'>, 'coverage.sysmon': <module 'coverage.sysmon' from '/Users/maxzweig/.virtualenvs/lib/python3.9/site-packages/coverage/sysmon.py'>, 'coverage.tracer': <module 'coverage.tracer' from '/Users/maxzweig/.virtualenvs/lib/python3.9/site-packages/coverage/tracer.cpython-39-darwin.so'>, 'coverage.collector': <module 'coverage.collector' from '/Users/maxzweig/.virtualenvs/lib/python3.9/site-packages/coverage/collector.py'>, 'coverage.context': <module 'coverage.context' from '/Users/maxzweig/.virtualenvs/lib/python3.9/site-packages/coverage/context.py'>, 'coverage.templite': <module 'coverage.templite' from '/Users/maxzweig/.virtualenvs/lib/python3.9/site-packages/coverage/templite.py'>, 'coverage.html': <module 'coverage.html' from '/Users/maxzweig/.virtualenvs/lib/python3.9/site-packages/coverage/html.py'>, 'sysconfig': <module 'sysconfig' from '/Library/Developer/CommandLineTools/Library/Frameworks/Python3.framework/Versions/3.9/lib/python3.9/sysconfig.py'>, 'coverage.bytecode': <module 'coverage.bytecode' from '/Users/maxzweig/.virtualenvs/lib/python3.9/site-packages/coverage/bytecode.py'>, 'coverage.phystokens': <module 'coverage.phystokens' from '/Users/maxzweig/.virtualenvs/lib/python3.9/site-packages/coverage/phystokens.py'>, 'coverage.parser': <module 'coverage.parser' from '/Users/maxzweig/.virtualenvs/lib/python3.9/site-packages/coverage/parser.py'>, 'coverage.regions': <module 'coverage.regions' from '/Users/maxzweig/.virtualenvs/lib/python3.9/site-packages/coverage/regions.py'>, 'coverage.python': <module 'coverage.python' from '/Users/maxzweig/.virtualenvs/lib/python3.9/site-packages/coverage/python.py'>, 'coverage.inorout': <module 'coverage.inorout' from '/Users/maxzweig/.virtualenvs/lib/python3.9/site-packages/coverage/inorout.py'>, 'coverage.jsonreport': <module 'coverage.jsonreport' from '/Users/maxzweig/.virtualenvs/lib/python3.9/site-packages/coverage/jsonreport.py'>, '_struct': <module '_struct' from '/Library/Developer/CommandLineTools/Library/Frameworks/Python3.framework/Versions/3.9/lib/python3.9/lib-dynload/_struct.cpython-39-darwin.so'>, 'struct': <module 'struct' from '/Library/Developer/CommandLineTools/Library/Frameworks/Python3.framework/Versions/3.9/lib/python3.9/struct.py'>, 'binascii': <module 'binascii' from '/Library/Developer/CommandLineTools/Library/Frameworks/Python3.framework/Versions/3.9/lib/python3.9/lib-dynload/binascii.cpython-39-darwin.so'>, 'base64': <module 'base64' from '/Library/Developer/CommandLineTools/Library/Frameworks/Python3.framework/Versions/3.9/lib/python3.9/base64.py'>, 'coverage.lcovreport': <module 'coverage.lcovreport' from '/Users/maxzweig/.virtualenvs/lib/python3.9/site-packages/coverage/lcovreport.py'>, 'multiprocessing.process': <module 'multiprocessing.process' from '/Library/Developer/CommandLineTools/Library/Frameworks/Python3.framework/Versions/3.9/lib/python3.9/multiprocessing/process.py'>, '_compat_pickle': <module '_compat_pickle' from '/Library/Developer/CommandLineTools/Library/Frameworks/Python3.framework/Versions/3.9/lib/python3.9/_compat_pickle.py'>, '_pickle': <module '_pickle' from '/Library/Developer/CommandLineTools/Library/Frameworks/Python3.framework/Versions/3.9/lib/python3.9/lib-dynload/_pickle.cpython-39-darwin.so'>, 'pickle': <module 'pickle' from '/Library/Developer/CommandLineTools/Library/Frameworks/Python3.framework/Versions/3.9/lib/python3.9/pickle.py'>, 'multiprocessing.reduction': <module 'multiprocessing.reduction' from '/Library/Developer/CommandLineTools/Library/Frameworks/Python3.framework/Versions/3.9/lib/python3.9/multiprocessing/reduction.py'>, 'multiprocessing.context': <module 'multiprocessing.context' from '/Library/Developer/CommandLineTools/Library/Frameworks/Python3.framework/Versions/3.9/lib/python3.9/multiprocessing/context.py'>, '__mp_main__': <module '__main__' from '/Users/maxzweig/research/EXOSIMS/runtests.py'>, 'multiprocessing': <module 'multiprocessing' from '/Library/Developer/CommandLineTools/Library/Frameworks/Python3.framework/Versions/3.9/lib/python3.9/multiprocessing/__init__.py'>, 'coverage.multiproc': <module 'coverage.multiproc' from '/Users/maxzweig/.virtualenvs/lib/python3.9/site-packages/coverage/multiproc.py'>, 'coverage.plugin_support': <module 'coverage.plugin_support' from '/Users/maxzweig/.virtualenvs/lib/python3.9/site-packages/coverage/plugin_support.py'>, 'coverage.report': <module 'coverage.report' from '/Users/maxzweig/.virtualenvs/lib/python3.9/site-packages/coverage/report.py'>, 'xml': <module 'xml' from '/Library/Developer/CommandLineTools/Library/Frameworks/Python3.framework/Versions/3.9/lib/python3.9/xml/__init__.py'>, 'xml.dom.domreg': <module 'xml.dom.domreg' from '/Library/Developer/CommandLineTools/Library/Frameworks/Python3.framework/Versions/3.9/lib/python3.9/xml/dom/domreg.py'>, 'xml.dom': <module 'xml.dom' from '/Library/Developer/CommandLineTools/Library/Frameworks/Python3.framework/Versions/3.9/lib/python3.9/xml/dom/__init__.py'>, 'xml.dom.minicompat': <module 'xml.dom.minicompat' from '/Library/Developer/CommandLineTools/Library/Frameworks/Python3.framework/Versions/3.9/lib/python3.9/xml/dom/minicompat.py'>, 'xml.dom.NodeFilter': <module 'xml.dom.NodeFilter' from '/Library/Developer/CommandLineTools/Library/Frameworks/Python3.framework/Versions/3.9/lib/python3.9/xml/dom/NodeFilter.py'>, 'xml.dom.xmlbuilder': <module 'xml.dom.xmlbuilder' from '/Library/Developer/CommandLineTools/Library/Frameworks/Python3.framework/Versions/3.9/lib/python3.9/xml/dom/xmlbuilder.py'>, 'xml.dom.minidom': <module 'xml.dom.minidom' from '/Library/Developer/CommandLineTools/Library/Frameworks/Python3.framework/Versions/3.9/lib/python3.9/xml/dom/minidom.py'>, 'coverage.xmlreport': <module 'coverage.xmlreport' from '/Users/maxzweig/.virtualenvs/lib/python3.9/site-packages/coverage/xmlreport.py'>, 'coverage.control': <module 'coverage.control' from '/Users/maxzweig/.virtualenvs/lib/python3.9/site-packages/coverage/control.py'>, 'coverage': <module 'coverage' from '/Users/maxzweig/.virtualenvs/lib/python3.9/site-packages/coverage/__init__.py'>, '$coverage.debug.DebugOutputFile.the_one': <module '$coverage.debug.DebugOutputFile.the_one'>, '_sysconfigdata__darwin_darwin': <module '_sysconfigdata__darwin_darwin' from '/Library/Developer/CommandLineTools/Library/Frameworks/Python3.framework/Versions/3.9/lib/python3.9/_sysconfigdata__darwin_darwin.py'>, '_osx_support': <module '_osx_support' from '/Library/Developer/CommandLineTools/Library/Frameworks/Python3.framework/Versions/3.9/lib/python3.9/_osx_support.py'>, 'runtests': <module 'runtests' from '/Users/maxzweig/research/EXOSIMS/runtests.py'>, 'tqdm._monitor': <module 'tqdm._monitor' from '/Users/maxzweig/.virtualenvs/lib/python3.9/site-packages/tqdm/_monitor.py'>, 'tqdm._tqdm_pandas': <module 'tqdm._tqdm_pandas' from '/Users/maxzweig/.virtualenvs/lib/python3.9/site-packages/tqdm/_tqdm_pandas.py'>, 'logging': <module 'logging' from '/Library/Developer/CommandLineTools/Library/Frameworks/Python3.framework/Versions/3.9/lib/python3.9/logging/__init__.py'>, 'numbers': <module 'numbers' from '/Library/Developer/CommandLineTools/Library/Frameworks/Python3.framework/Versions/3.9/lib/python3.9/numbers.py'>, 'unicodedata': <module 'unicodedata' from '/Library/Developer/CommandLineTools/Library/Frameworks/Python3.framework/Versions/3.9/lib/python3.9/lib-dynload/unicodedata.cpython-39-darwin.so'>, 'tqdm.utils': <module 'tqdm.utils' from '/Users/maxzweig/.virtualenvs/lib/python3.9/site-packages/tqdm/utils.py'>, 'tqdm.std': <module 'tqdm.std' from '/Users/maxzweig/.virtualenvs/lib/python3.9/site-packages/tqdm/std.py'>, 'tqdm._dist_ver': <module 'tqdm._dist_ver' from '/Users/maxzweig/.virtualenvs/lib/python3.9/site-packages/tqdm/_dist_ver.py'>, 'tqdm.version': <module 'tqdm.version' from '/Users/maxzweig/.virtualenvs/lib/python3.9/site-packages/tqdm/version.py'>, 'tqdm.cli': <module 'tqdm.cli' from '/Users/maxzweig/.virtualenvs/lib/python3.9/site-packages/tqdm/cli.py'>, 'tqdm.gui': <module 'tqdm.gui' from '/Users/maxzweig/.virtualenvs/lib/python3.9/site-packages/tqdm/gui.py'>, 'tqdm': <module 'tqdm' from '/Users/maxzweig/.virtualenvs/lib/python3.9/site-packages/tqdm/__init__.py'>, 'tests': <module 'tests' from '/Users/maxzweig/research/EXOSIMS/tests/__init__.py'>, 'tests.util': <module 'tests.util' from '/Users/maxzweig/research/EXOSIMS/tests/util/__init__.py'>, 'EXOSIMS': <module 'EXOSIMS' from '/Users/maxzweig/research/EXOSIMS/EXOSIMS/__init__.py'>, 'EXOSIMS.util': <module 'EXOSIMS.util' from '/Users/maxzweig/research/EXOSIMS/EXOSIMS/util/__init__.py'>, 'numpy._utils._convertions': <module 'numpy._utils._convertions' from '/Users/maxzweig/.virtualenvs/lib/python3.9/site-packages/numpy/_utils/_convertions.py'>, 'numpy._utils': <module 'numpy._utils' from '/Users/maxzweig/.virtualenvs/lib/python3.9/site-packages/numpy/_utils/__init__.py'>, 'numpy._globals': <module 'numpy._globals' from '/Users/maxzweig/.virtualenvs/lib/python3.9/site-packages/numpy/_globals.py'>, 'numpy.exceptions': <module 'numpy.exceptions' from '/Users/maxzweig/.virtualenvs/lib/python3.9/site-packages/numpy/exceptions.py'>, 'numpy.version': <module 'numpy.version' from '/Users/maxzweig/.virtualenvs/lib/python3.9/site-packages/numpy/version.py'>, 'numpy._distributor_init': <module 'numpy._distributor_init' from '/Users/maxzweig/.virtualenvs/lib/python3.9/site-packages/numpy/_distributor_init.py'>, 'numpy._utils._inspect': <module 'numpy._utils._inspect' from '/Users/maxzweig/.virtualenvs/lib/python3.9/site-packages/numpy/_utils/_inspect.py'>, 'numpy.core._exceptions': <module 'numpy.core._exceptions' from '/Users/maxzweig/.virtualenvs/lib/python3.9/site-packages/numpy/core/_exceptions.py'>, 'numpy.dtypes': <module 'numpy.dtypes' from '/Users/maxzweig/.virtualenvs/lib/python3.9/site-packages/numpy/dtypes.py'>, 'numpy.core._multiarray_umath': <module 'numpy.core._multiarray_umath' from '/Users/maxzweig/.virtualenvs/lib/python3.9/site-packages/numpy/core/_multiarray_umath.cpython-39-darwin.so'>, 'numpy.core.overrides': <module 'numpy.core.overrides' from '/Users/maxzweig/.virtualenvs/lib/python3.9/site-packages/numpy/core/overrides.py'>, 'numpy.core.multiarray': <module 'numpy.core.multiarray' from '/Users/maxzweig/.virtualenvs/lib/python3.9/site-packages/numpy/core/multiarray.py'>, 'numpy.core.umath': <module 'numpy.core.umath' from '/Users/maxzweig/.virtualenvs/lib/python3.9/site-packages/numpy/core/umath.py'>, 'numpy.core._string_helpers': <module 'numpy.core._string_helpers' from '/Users/maxzweig/.virtualenvs/lib/python3.9/site-packages/numpy/core/_string_helpers.py'>, 'numpy.compat.py3k': <module 'numpy.compat.py3k' from '/Users/maxzweig/.virtualenvs/lib/python3.9/site-packages/numpy/compat/py3k.py'>, 'numpy.compat': <module 'numpy.compat' from '/Users/maxzweig/.virtualenvs/lib/python3.9/site-packages/numpy/compat/__init__.py'>, 'numpy.core._dtype': <module 'numpy.core._dtype' from '/Users/maxzweig/.virtualenvs/lib/python3.9/site-packages/numpy/core/_dtype.py'>, 'numpy.core._type_aliases': <module 'numpy.core._type_aliases' from '/Users/maxzweig/.virtualenvs/lib/python3.9/site-packages/numpy/core/_type_aliases.py'>, 'numpy.core.numerictypes': <module 'numpy.core.numerictypes' from '/Users/maxzweig/.virtualenvs/lib/python3.9/site-packages/numpy/core/numerictypes.py'>, '_contextvars': <module '_contextvars' from '/Library/Developer/CommandLineTools/Library/Frameworks/Python3.framework/Versions/3.9/lib/python3.9/lib-dynload/_contextvars.cpython-39-darwin.so'>, 'contextvars': <module 'contextvars' from '/Library/Developer/CommandLineTools/Library/Frameworks/Python3.framework/Versions/3.9/lib/python3.9/contextvars.py'>, 'numpy.core._ufunc_config': <module 'numpy.core._ufunc_config' from '/Users/maxzweig/.virtualenvs/lib/python3.9/site-packages/numpy/core/_ufunc_config.py'>, 'numpy.core._methods': <module 'numpy.core._methods' from '/Users/maxzweig/.virtualenvs/lib/python3.9/site-packages/numpy/core/_methods.py'>, 'numpy.core.fromnumeric': <module 'numpy.core.fromnumeric' from '/Users/maxzweig/.virtualenvs/lib/python3.9/site-packages/numpy/core/fromnumeric.py'>, 'numpy.core.shape_base': <module 'numpy.core.shape_base' from '/Users/maxzweig/.virtualenvs/lib/python3.9/site-packages/numpy/core/shape_base.py'>, 'numpy.core.arrayprint': <module 'numpy.core.arrayprint' from '/Users/maxzweig/.virtualenvs/lib/python3.9/site-packages/numpy/core/arrayprint.py'>, 'numpy.core._asarray': <module 'numpy.core._asarray' from '/Users/maxzweig/.virtualenvs/lib/python3.9/site-packages/numpy/core/_asarray.py'>, 'numpy.core.numeric': <module 'numpy.core.numeric' from '/Users/maxzweig/.virtualenvs/lib/python3.9/site-packages/numpy/core/numeric.py'>, 'numpy.core.defchararray': <module 'numpy.core.defchararray' from '/Users/maxzweig/.virtualenvs/lib/python3.9/site-packages/numpy/core/defchararray.py'>, 'numpy.core.records': <module 'numpy.core.records' from '/Users/maxzweig/.virtualenvs/lib/python3.9/site-packages/numpy/core/records.py'>, 'numpy.core.memmap': <module 'numpy.core.memmap' from '/Users/maxzweig/.virtualenvs/lib/python3.9/site-packages/numpy/core/memmap.py'>, 'numpy.core.function_base': <module 'numpy.core.function_base' from '/Users/maxzweig/.virtualenvs/lib/python3.9/site-packages/numpy/core/function_base.py'>, 'numpy.core._machar': <module 'numpy.core._machar' from '/Users/maxzweig/.virtualenvs/lib/python3.9/site-packages/numpy/core/_machar.py'>, 'numpy.core.getlimits': <module 'numpy.core.getlimits' from '/Users/maxzweig/.virtualenvs/lib/python3.9/site-packages/numpy/core/getlimits.py'>, 'numpy.core.einsumfunc': <module 'numpy.core.einsumfunc' from '/Users/maxzweig/.virtualenvs/lib/python3.9/site-packages/numpy/core/einsumfunc.py'>, 'numpy.core._multiarray_tests': <module 'numpy.core._multiarray_tests' from '/Users/maxzweig/.virtualenvs/lib/python3.9/site-packages/numpy/core/_multiarray_tests.cpython-39-darwin.so'>, 'numpy.core._add_newdocs': <module 'numpy.core._add_newdocs' from '/Users/maxzweig/.virtualenvs/lib/python3.9/site-packages/numpy/core/_add_newdocs.py'>, 'numpy.core._add_newdocs_scalars': <module 'numpy.core._add_newdocs_scalars' from '/Users/maxzweig/.virtualenvs/lib/python3.9/site-packages/numpy/core/_add_newdocs_scalars.py'>, 'numpy.core._dtype_ctypes': <module 'numpy.core._dtype_ctypes' from '/Users/maxzweig/.virtualenvs/lib/python3.9/site-packages/numpy/core/_dtype_ctypes.py'>, '_ctypes': <module '_ctypes' from '/Library/Developer/CommandLineTools/Library/Frameworks/Python3.framework/Versions/3.9/lib/python3.9/lib-dynload/_ctypes.cpython-39-darwin.so'>, 'ctypes._endian': <module 'ctypes._endian' from '/Library/Developer/CommandLineTools/Library/Frameworks/Python3.framework/Versions/3.9/lib/python3.9/ctypes/_endian.py'>, 'ctypes': <module 'ctypes' from '/Library/Developer/CommandLineTools/Library/Frameworks/Python3.framework/Versions/3.9/lib/python3.9/ctypes/__init__.py'>, 'numpy.core._internal': <module 'numpy.core._internal' from '/Users/maxzweig/.virtualenvs/lib/python3.9/site-packages/numpy/core/_internal.py'>, 'numpy._pytesttester': <module 'numpy._pytesttester' from '/Users/maxzweig/.virtualenvs/lib/python3.9/site-packages/numpy/_pytesttester.py'>, 'numpy.core': <module 'numpy.core' from '/Users/maxzweig/.virtualenvs/lib/python3.9/site-packages/numpy/core/__init__.py'>, 'numpy.__config__': <module 'numpy.__config__' from '/Users/maxzweig/.virtualenvs/lib/python3.9/site-packages/numpy/__config__.py'>, 'numpy.lib.mixins': <module 'numpy.lib.mixins' from '/Users/maxzweig/.virtualenvs/lib/python3.9/site-packages/numpy/lib/mixins.py'>, 'numpy.lib.ufunclike': <module 'numpy.lib.ufunclike' from '/Users/maxzweig/.virtualenvs/lib/python3.9/site-packages/numpy/lib/ufunclike.py'>, 'numpy.lib.type_check': <module 'numpy.lib.type_check' from '/Users/maxzweig/.virtualenvs/lib/python3.9/site-packages/numpy/lib/type_check.py'>, 'numpy.lib.scimath': <module 'numpy.lib.scimath' from '/Users/maxzweig/.virtualenvs/lib/python3.9/site-packages/numpy/lib/scimath.py'>, 'numpy.lib.stride_tricks': <module 'numpy.lib.stride_tricks' from '/Users/maxzweig/.virtualenvs/lib/python3.9/site-packages/numpy/lib/stride_tricks.py'>, 'numpy.lib.twodim_base': <module 'numpy.lib.twodim_base' from '/Users/maxzweig/.virtualenvs/lib/python3.9/site-packages/numpy/lib/twodim_base.py'>, 'numpy.linalg._umath_linalg': <module 'numpy.linalg._umath_linalg' from '/Users/maxzweig/.virtualenvs/lib/python3.9/site-packages/numpy/linalg/_umath_linalg.cpython-39-darwin.so'>, 'numpy._typing._nested_sequence': <module 'numpy._typing._nested_sequence' from '/Users/maxzweig/.virtualenvs/lib/python3.9/site-packages/numpy/_typing/_nested_sequence.py'>, 'numpy._typing._nbit': <module 'numpy._typing._nbit' from '/Users/maxzweig/.virtualenvs/lib/python3.9/site-packages/numpy/_typing/_nbit.py'>, 'numpy._typing._char_codes': <module 'numpy._typing._char_codes' from '/Users/maxzweig/.virtualenvs/lib/python3.9/site-packages/numpy/_typing/_char_codes.py'>, 'numpy._typing._scalars': <module 'numpy._typing._scalars' from '/Users/maxzweig/.virtualenvs/lib/python3.9/site-packages/numpy/_typing/_scalars.py'>, 'numpy._typing._shape': <module 'numpy._typing._shape' from '/Users/maxzweig/.virtualenvs/lib/python3.9/site-packages/numpy/_typing/_shape.py'>, 'numpy._typing._dtype_like': <module 'numpy._typing._dtype_like' from '/Users/maxzweig/.virtualenvs/lib/python3.9/site-packages/numpy/_typing/_dtype_like.py'>, 'numpy._typing._array_like': <module 'numpy._typing._array_like' from '/Users/maxzweig/.virtualenvs/lib/python3.9/site-packages/numpy/_typing/_array_like.py'>, 'numpy._typing': <module 'numpy._typing' from '/Users/maxzweig/.virtualenvs/lib/python3.9/site-packages/numpy/_typing/__init__.py'>, 'numpy.linalg.linalg': <module 'numpy.linalg.linalg' from '/Users/maxzweig/.virtualenvs/lib/python3.9/site-packages/numpy/linalg/linalg.py'>, 'numpy.linalg': <module 'numpy.linalg' from '/Users/maxzweig/.virtualenvs/lib/python3.9/site-packages/numpy/linalg/__init__.py'>, 'numpy.matrixlib.defmatrix': <module 'numpy.matrixlib.defmatrix' from '/Users/maxzweig/.virtualenvs/lib/python3.9/site-packages/numpy/matrixlib/defmatrix.py'>, 'numpy.matrixlib': <module 'numpy.matrixlib' from '/Users/maxzweig/.virtualenvs/lib/python3.9/site-packages/numpy/matrixlib/__init__.py'>, 'numpy.lib.histograms': <module 'numpy.lib.histograms' from '/Users/maxzweig/.virtualenvs/lib/python3.9/site-packages/numpy/lib/histograms.py'>, 'numpy.lib.function_base': <module 'numpy.lib.function_base' from '/Users/maxzweig/.virtualenvs/lib/python3.9/site-packages/numpy/lib/function_base.py'>, 'numpy.lib.index_tricks': <module 'numpy.lib.index_tricks' from '/Users/maxzweig/.virtualenvs/lib/python3.9/site-packages/numpy/lib/index_tricks.py'>, 'numpy.lib.nanfunctions': <module 'numpy.lib.nanfunctions' from '/Users/maxzweig/.virtualenvs/lib/python3.9/site-packages/numpy/lib/nanfunctions.py'>, 'numpy.lib.shape_base': <module 'numpy.lib.shape_base' from '/Users/maxzweig/.virtualenvs/lib/python3.9/site-packages/numpy/lib/shape_base.py'>, 'numpy.lib.polynomial': <module 'numpy.lib.polynomial' from '/Users/maxzweig/.virtualenvs/lib/python3.9/site-packages/numpy/lib/polynomial.py'>, 'numpy.lib.utils': <module 'numpy.lib.utils' from '/Users/maxzweig/.virtualenvs/lib/python3.9/site-packages/numpy/lib/utils.py'>, 'numpy.lib.arraysetops': <module 'numpy.lib.arraysetops' from '/Users/maxzweig/.virtualenvs/lib/python3.9/site-packages/numpy/lib/arraysetops.py'>, 'numpy.lib.format': <module 'numpy.lib.format' from '/Users/maxzweig/.virtualenvs/lib/python3.9/site-packages/numpy/lib/format.py'>, 'numpy.lib._datasource': <module 'numpy.lib._datasource' from '/Users/maxzweig/.virtualenvs/lib/python3.9/site-packages/numpy/lib/_datasource.py'>, 'numpy.lib._iotools': <module 'numpy.lib._iotools' from '/Users/maxzweig/.virtualenvs/lib/python3.9/site-packages/numpy/lib/_iotools.py'>, 'numpy.lib.npyio': <module 'numpy.lib.npyio' from '/Users/maxzweig/.virtualenvs/lib/python3.9/site-packages/numpy/lib/npyio.py'>, 'numpy.lib.arrayterator': <module 'numpy.lib.arrayterator' from '/Users/maxzweig/.virtualenvs/lib/python3.9/site-packages/numpy/lib/arrayterator.py'>, 'numpy.lib.arraypad': <module 'numpy.lib.arraypad' from '/Users/maxzweig/.virtualenvs/lib/python3.9/site-packages/numpy/lib/arraypad.py'>, 'numpy.lib._version': <module 'numpy.lib._version' from '/Users/maxzweig/.virtualenvs/lib/python3.9/site-packages/numpy/lib/_version.py'>, 'numpy.lib': <module 'numpy.lib' from '/Users/maxzweig/.virtualenvs/lib/python3.9/site-packages/numpy/lib/__init__.py'>, 'numpy.fft._pocketfft_internal': <module 'numpy.fft._pocketfft_internal' from '/Users/maxzweig/.virtualenvs/lib/python3.9/site-packages/numpy/fft/_pocketfft_internal.cpython-39-darwin.so'>, 'numpy.fft._pocketfft': <module 'numpy.fft._pocketfft' from '/Users/maxzweig/.virtualenvs/lib/python3.9/site-packages/numpy/fft/_pocketfft.py'>, 'numpy.fft.helper': <module 'numpy.fft.helper' from '/Users/maxzweig/.virtualenvs/lib/python3.9/site-packages/numpy/fft/helper.py'>, 'numpy.fft': <module 'numpy.fft' from '/Users/maxzweig/.virtualenvs/lib/python3.9/site-packages/numpy/fft/__init__.py'>, 'numpy.polynomial.polyutils': <module 'numpy.polynomial.polyutils' from '/Users/maxzweig/.virtualenvs/lib/python3.9/site-packages/numpy/polynomial/polyutils.py'>, 'numpy.polynomial._polybase': <module 'numpy.polynomial._polybase' from '/Users/maxzweig/.virtualenvs/lib/python3.9/site-packages/numpy/polynomial/_polybase.py'>, 'numpy.polynomial.polynomial': <module 'numpy.polynomial.polynomial' from '/Users/maxzweig/.virtualenvs/lib/python3.9/site-packages/numpy/polynomial/polynomial.py'>, 'numpy.polynomial.chebyshev': <module 'numpy.polynomial.chebyshev' from '/Users/maxzweig/.virtualenvs/lib/python3.9/site-packages/numpy/polynomial/chebyshev.py'>, 'numpy.polynomial.legendre': <module 'numpy.polynomial.legendre' from '/Users/maxzweig/.virtualenvs/lib/python3.9/site-packages/numpy/polynomial/legendre.py'>, 'numpy.polynomial.hermite': <module 'numpy.polynomial.hermite' from '/Users/maxzweig/.virtualenvs/lib/python3.9/site-packages/numpy/polynomial/hermite.py'>, 'numpy.polynomial.hermite_e': <module 'numpy.polynomial.hermite_e' from '/Users/maxzweig/.virtualenvs/lib/python3.9/site-packages/numpy/polynomial/hermite_e.py'>, 'numpy.polynomial.laguerre': <module 'numpy.polynomial.laguerre' from '/Users/maxzweig/.virtualenvs/lib/python3.9/site-packages/numpy/polynomial/laguerre.py'>, 'numpy.polynomial': <module 'numpy.polynomial' from '/Users/maxzweig/.virtualenvs/lib/python3.9/site-packages/numpy/polynomial/__init__.py'>, 'cython_runtime': <module 'cython_runtime'>, 'gc': <module 'gc' (built-in)>, '_cython_3_0_8': <module '_cython_3_0_8'>, 'numpy.random._common': <module 'numpy.random._common' from '/Users/maxzweig/.virtualenvs/lib/python3.9/site-packages/numpy/random/_common.cpython-39-darwin.so'>, 'hmac': <module 'hmac' from '/Library/Developer/CommandLineTools/Library/Frameworks/Python3.framework/Versions/3.9/lib/python3.9/hmac.py'>, 'secrets': <module 'secrets' from '/Library/Developer/CommandLineTools/Library/Frameworks/Python3.framework/Versions/3.9/lib/python3.9/secrets.py'>, 'numpy.random.bit_generator': <module 'numpy.random.bit_generator' from '/Users/maxzweig/.virtualenvs/lib/python3.9/site-packages/numpy/random/bit_generator.cpython-39-darwin.so'>, 'numpy.random._bounded_integers': <module 'numpy.random._bounded_integers' from '/Users/maxzweig/.virtualenvs/lib/python3.9/site-packages/numpy/random/_bounded_integers.cpython-39-darwin.so'>, 'numpy.random._mt19937': <module 'numpy.random._mt19937' from '/Users/maxzweig/.virtualenvs/lib/python3.9/site-packages/numpy/random/_mt19937.cpython-39-darwin.so'>, 'numpy.random.mtrand': <module 'numpy.random.mtrand' from '/Users/maxzweig/.virtualenvs/lib/python3.9/site-packages/numpy/random/mtrand.cpython-39-darwin.so'>, 'numpy.random._philox': <module 'numpy.random._philox' from '/Users/maxzweig/.virtualenvs/lib/python3.9/site-packages/numpy/random/_philox.cpython-39-darwin.so'>, 'numpy.random._pcg64': <module 'numpy.random._pcg64' from '/Users/maxzweig/.virtualenvs/lib/python3.9/site-packages/numpy/random/_pcg64.cpython-39-darwin.so'>, 'numpy.random._sfc64': <module 'numpy.random._sfc64' from '/Users/maxzweig/.virtualenvs/lib/python3.9/site-packages/numpy/random/_sfc64.cpython-39-darwin.so'>, 'numpy.random._generator': <module 'numpy.random._generator' from '/Users/maxzweig/.virtualenvs/lib/python3.9/site-packages/numpy/random/_generator.cpython-39-darwin.so'>, 'numpy.random._pickle': <module 'numpy.random._pickle' from '/Users/maxzweig/.virtualenvs/lib/python3.9/site-packages/numpy/random/_pickle.py'>, 'numpy.random': <module 'numpy.random' from '/Users/maxzweig/.virtualenvs/lib/python3.9/site-packages/numpy/random/__init__.py'>, 'numpy.ctypeslib': <module 'numpy.ctypeslib' from '/Users/maxzweig/.virtualenvs/lib/python3.9/site-packages/numpy/ctypeslib.py'>, 'numpy.ma.core': <module 'numpy.ma.core' from '/Users/maxzweig/.virtualenvs/lib/python3.9/site-packages/numpy/ma/core.py'>, 'numpy.ma.extras': <module 'numpy.ma.extras' from '/Users/maxzweig/.virtualenvs/lib/python3.9/site-packages/numpy/ma/extras.py'>, 'numpy.ma': <module 'numpy.ma' from '/Users/maxzweig/.virtualenvs/lib/python3.9/site-packages/numpy/ma/__init__.py'>, 'numpy': <module 'numpy' from '/Users/maxzweig/.virtualenvs/lib/python3.9/site-packages/numpy/__init__.py'>, 'EXOSIMS.util.KeplerSTM_C': <module 'EXOSIMS.util.KeplerSTM_C' from '/Users/maxzweig/research/EXOSIMS/EXOSIMS/util/KeplerSTM_C/__init__.py'>, '_cython_3_0_10': <module '_cython_3_0_10'>, 'EXOSIMS.util.KeplerSTM_C.CyKeplerSTM': <module 'EXOSIMS.util.KeplerSTM_C.CyKeplerSTM' from '/Users/maxzweig/research/EXOSIMS/EXOSIMS/util/KeplerSTM_C/CyKeplerSTM.cpython-39-darwin.so'>, 'EXOSIMS.util.keplerSTM_indprop': <module 'EXOSIMS.util.keplerSTM_indprop' from '/Users/maxzweig/research/EXOSIMS/EXOSIMS/util/keplerSTM_indprop.py'>, 'keplertools': <module 'keplertools' from '/Users/maxzweig/.virtualenvs/lib/python3.9/site-packages/keplertools/__init__.py'>, 'keplertools.CyKeplerSTM': <module 'keplertools.CyKeplerSTM' from '/Users/maxzweig/.virtualenvs/lib/python3.9/site-packages/keplertools/CyKeplerSTM.cpython-39-darwin.so'>, 'keplertools.keplerSTM': <module 'keplertools.keplerSTM' from '/Users/maxzweig/.virtualenvs/lib/python3.9/site-packages/keplertools/keplerSTM.py'>, 'tests.util.test_keplerSTM': <module 'tests.util.test_keplerSTM' from '/Users/maxzweig/research/EXOSIMS/tests/util/test_keplerSTM.py'>}
]]></system-out>
	<system-err><![CDATA[]]></system-err>
</testsuite>
