<?xml version="1.0" ?>
<testsuite name="tests.util.test_keplerSTM.TestKeplerSTM-20240620171857" tests="6" time="0.022" failures="0" errors="0">
	<testcase classname="tests.util.test_keplerSTM.TestKeplerSTM" name="test_keplerSTM_indpropC" time="0.000"/>
	<testcase classname="tests.util.test_keplerSTM.TestKeplerSTM" name="test_keplerSTM_indproppy" time="0.005"/>
	<testcase classname="tests.util.test_keplerSTM.TestKeplerSTM" name="test_keplerSTM_init" time="0.001"/>
	<testcase classname="tests.util.test_keplerSTM.TestKeplerSTM" name="test_keplerSTM_propC" time="0.010"/>
	<testcase classname="tests.util.test_keplerSTM.TestKeplerSTM" name="test_keplerSTM_prop_vallado" time="0.002"/>
	<testcase classname="tests.util.test_keplerSTM.TestKeplerSTM" name="test_keplerSTM_proppy" time="0.004"/>
	<system-out><![CDATA[False
]]></system-out>
	<system-err><![CDATA[]]></system-err>
</testsuite>
